<?xml version="1.0" encoding="UTF-8"?>
<!-- Generated by org.testng.reporters.JUnitReportReporter -->
<testsuite skipped="0" hostname="User-PC" name="testcases.UserRegWithDDTwithJsonDataFile" tests="1" failures="0" timestamp="2020-08-05T03:44:49 EET" time="14.118" errors="0">
  <testcase name="successfullRegisteration" time="14.118" classname="testcases.UserRegWithDDTwithJsonDataFile"/>
  <system-out/>
</testsuite> <!-- testcases.UserRegWithDDTwithJsonDataFile -->
