<?xml version="1.0" encoding="UTF-8"?>
<!-- Generated by org.testng.reporters.JUnitReportReporter -->
<testsuite skipped="0" hostname="User-PC" name="testcases.ProduvtHover" tests="1" failures="0" timestamp="2020-08-18T17:12:00 EET" time="1.726" errors="0">
  <testcase name="openMenuItems" time="1.726" classname="testcases.ProduvtHover"/>
  <system-out/>
</testsuite> <!-- testcases.ProduvtHover -->
