<?xml version="1.0" encoding="UTF-8"?>
<!-- Generated by org.testng.reporters.JUnitReportReporter -->
<testsuite skipped="0" hostname="User-PC" name="testcases.AddToCompareTest2" tests="1" failures="0" timestamp="2020-06-14T19:37:41 EET" time="23.652" errors="0">
  <testcase name="addItemsToCompareList" time="23.652" classname="testcases.AddToCompareTest2"/>
  <system-out/>
</testsuite> <!-- testcases.AddToCompareTest2 -->
