<?xml version="1.0" encoding="UTF-8"?>
<!-- Generated by org.testng.reporters.JUnitReportReporter -->
<testsuite skipped="0" hostname="User-PC" name="testcases.SearchProductswithAutoCompelte" tests="1" failures="0" timestamp="2020-08-18T17:12:00 EET" time="3.795" errors="0">
  <testcase name="searchItems" time="3.795" classname="testcases.SearchProductswithAutoCompelte"/>
  <system-out/>
</testsuite> <!-- testcases.SearchProductswithAutoCompelte -->
