<?xml version="1.0" encoding="UTF-8"?>
<!-- Generated by org.testng.reporters.JUnitReportReporter -->
<testsuite skipped="0" hostname="User-PC" name="testcases.ContactUS" tests="1" failures="0" timestamp="2020-08-19T04:34:31 EET" time="5.854" errors="0">
  <testcase name="sendcontactusdata" time="5.854" classname="testcases.ContactUS"/>
  <system-out/>
</testsuite> <!-- testcases.ContactUS -->
