<?xml version="1.0" encoding="UTF-8"?>
<!-- Generated by org.testng.reporters.JUnitReportReporter -->
<testsuite skipped="0" hostname="User-PC" name="testcases.ChangeCurrency" tests="2" failures="0" timestamp="2020-08-19T06:37:16 EET" time="7.149" errors="0">
  <testcase name="changeCurrency" time="2.090" classname="testcases.ChangeCurrency"/>
  <system-out/>
  <testcase name="searchItems" time="5.059" classname="testcases.ChangeCurrency"/>
  <system-out/>
</testsuite> <!-- testcases.ChangeCurrency -->
