<?xml version="1.0" encoding="UTF-8"?>
<!-- Generated by org.testng.reporters.JUnitReportReporter -->
<testsuite skipped="0" hostname="User-PC" name="testcases.UserRegWithDDTwithCSVFiles" tests="1" failures="0" timestamp="2020-08-04T18:09:59 EET" time="42.553" errors="0">
  <testcase name="successfullRegisteration" time="42.553" classname="testcases.UserRegWithDDTwithCSVFiles"/>
  <system-out/>
</testsuite> <!-- testcases.UserRegWithDDTwithCSVFiles -->
