<?xml version="1.0" encoding="UTF-8"?>
<!-- Generated by org.testng.reporters.JUnitReportReporter -->
<testsuite skipped="0" hostname="User-PC" name="testRunner.Runner" tests="1" failures="0" timestamp="2020-08-19T04:25:45 EET" time="5.196" errors="0">
  <testcase name="runScenario" time="5.196" classname="testRunner.Runner"/>
  <system-out/>
</testsuite> <!-- testRunner.Runner -->
