<?xml version="1.0" encoding="UTF-8"?>
<!-- Generated by org.testng.reporters.JUnitReportReporter -->
<testsuite skipped="0" hostname="User-PC" name="testcases.UserRegWithDDTandFakeLibrary" tests="1" failures="0" timestamp="2020-08-07T07:07:29 EET" time="15.389" errors="0">
  <testcase name="successfullRegisteration" time="15.389" classname="testcases.UserRegWithDDTandFakeLibrary"/>
  <system-out/>
</testsuite> <!-- testcases.UserRegWithDDTandFakeLibrary -->
