<?xml version="1.0" encoding="UTF-8"?>
<!-- Generated by org.testng.reporters.JUnitReportReporter -->
<testsuite skipped="0" hostname="User-PC" name="testcases.SearchForItems" tests="1" failures="0" timestamp="2020-06-01T10:17:24 EET" time="2.352" errors="0">
  <testcase name="userCanSearchforProducts" time="2.352" classname="testcases.SearchForItems"/>
  <system-out/>
</testsuite> <!-- testcases.SearchForItems -->
