<?xml version="1.0" encoding="UTF-8"?>
<!-- Generated by org.testng.reporters.JUnitReportReporter -->
<testsuite skipped="0" hostname="User-PC" name="testcases.ProduvtHover" tests="1" failures="0" timestamp="2020-06-16T03:45:43 EET" time="0.404" errors="0">
  <testcase name="openMenuItems" time="0.404" classname="testcases.ProduvtHover"/>
  <system-out/>
</testsuite> <!-- testcases.ProduvtHover -->
