<?xml version="1.0" encoding="UTF-8"?>
<!-- Generated by org.testng.reporters.JUnitReportReporter -->
<testsuite skipped="0" hostname="User-PC" name="testcases.ContactUS" tests="1" failures="0" timestamp="2020-06-16T03:45:43 EET" time="5.444" errors="0">
  <testcase name="sendcontactusdata" time="5.444" classname="testcases.ContactUS"/>
  <system-out/>
</testsuite> <!-- testcases.ContactUS -->
